<?xml version="1.0" encoding="UTF-8"?>
<testsuite xmlns:xsi="http://www.w3.org/2001/XMLSchema-instance" xsi:noNamespaceSchemaLocation="https://maven.apache.org/surefire/maven-surefire-plugin/xsd/surefire-test-report.xsd" name="com.driver.test.UNOTrackerServiceTest" time="0.06" tests="3" errors="0" skipped="0" failures="1">
  <properties>
[...]
</properties>
  <testcase name="testIdentifyTopPlayer" classname="com.driver.test.UNOTrackerServiceTest" time="0.039">
    <failure message="expected: &lt;Player1&gt; but was: &lt;Player2&gt;" type="org.opentest4j.AssertionFailedError"><![CDATA[org.opentest4j.AssertionFailedError: expected: <Player1> but was: <Player2>
	at com.driver.test.UNOTrackerServiceTest.testIdentifyTopPlayer(UNOTrackerServiceTest.java:48)
]]></failure>
  </testcase>
  <testcase name="testStoreScoreData" classname="com.driver.test.UNOTrackerServiceTest" time="0.007"/>
  <testcase name="testCalculateAverageScore" classname="com.driver.test.UNOTrackerServiceTest" time="0.002"/>
</testsuite>